CRITICAL:root:<type 'exceptions.AttributeError'> : ("NetworkObserver instance has no attribute 'ip'",)
CRITICAL:root:<type 'exceptions.AttributeError'> : ("NetworkObserver instance has no attribute 'ip'",)
CRITICAL:root:<type 'exceptions.AttributeError'> : ("NetworkObserver instance has no attribute 'ip'",)
CRITICAL:root:<type 'exceptions.AttributeError'> : ("NetworkObserver instance has no attribute 'ip'",)
CRITICAL:root:<type 'exceptions.AttributeError'> : ("NetworkObserver instance has no attribute 'ip'",)
CRITICAL:root:<type 'exceptions.AttributeError'> : ("NetworkObserver instance has no attribute 'ip'",)
CRITICAL:root:<type 'exceptions.AttributeError'> : ("NetworkObserver instance has no attribute 'ip'",)
CRITICAL:root:<class 'socket.error'> : (48, 'Address already in use')
CRITICAL:root:<class 'socket.error'> : (48, 'Address already in use')
CRITICAL:root:<class 'socket.error'> : (48, 'Address already in use')
CRITICAL:root:<class 'socket.error'> : (48, 'Address already in use')
CRITICAL:root:<class 'socket.error'> : (48, 'Address already in use')
CRITICAL:root:<type 'exceptions.AttributeError'> : ("NetworkObserver instance has no attribute 'runnable'",)
CRITICAL:root:<class 'socket.error'> : (48, 'Address already in use')
CRITICAL:root:<class 'socket.error'> : (48, 'Address already in use')
CRITICAL:root:<class 'socket.error'> : (48, 'Address already in use')
CRITICAL:root:<class 'socket.error'> : (48, 'Address already in use')
CRITICAL:root:<type 'exceptions.AttributeError'> : ("NetworkObserver instance has no attribute 'elisten'",)
CRITICAL:root:<type 'exceptions.AttributeError'> : ("NetworkObserver instance has no attribute 'elisten'",)
CRITICAL:root:<type 'exceptions.TypeError'> : ("'builtin_function_or_method' object has no attribute '__getitem__'",)
CRITICAL:root:<type 'exceptions.TypeError'> : ("'builtin_function_or_method' object has no attribute '__getitem__'",)
CRITICAL:root:<type 'exceptions.TypeError'> : ("'builtin_function_or_method' object has no attribute '__getitem__'",)
CRITICAL:root:<type 'exceptions.AttributeError'> : ("NetworkObserver instance has no attribute 'sendMsg'",)
CRITICAL:root:<type 'exceptions.AttributeError'> : ("NetworkObserver instance has no attribute 'sendMsg'",)
CRITICAL:root:<type 'exceptions.TypeError'> : ("'builtin_function_or_method' object has no attribute '__getitem__'",)
CRITICAL:root:<type 'exceptions.TypeError'> : ("'builtin_function_or_method' object has no attribute '__getitem__'",)
CRITICAL:root:<type 'exceptions.TypeError'> : ("'builtin_function_or_method' object has no attribute '__getitem__'",)
CRITICAL:root:<type 'exceptions.TypeError'> : ("'builtin_function_or_method' object has no attribute '__getitem__'",)
CRITICAL:root:<type 'exceptions.TypeError'> : ("'builtin_function_or_method' object has no attribute '__getitem__'",)
CRITICAL:root:<type 'exceptions.TypeError'> : ("'builtin_function_or_method' object has no attribute '__getitem__'",)
CRITICAL:root:<type 'exceptions.TypeError'> : ("'builtin_function_or_method' object has no attribute '__getitem__'",)
CRITICAL:root:<type 'exceptions.TypeError'> : ('list indices must be integers, not tuple',)
CRITICAL:root:<type 'exceptions.TypeError'> : ("'int' object is not iterable",)
CRITICAL:root:<type 'exceptions.TypeError'> : ('send_msg() takes exactly 5 arguments (6 given)',)
CRITICAL:root:<type 'exceptions.TypeError'> : ('send_msg() takes exactly 5 arguments (6 given)',)
